<?xml version="1.0" encoding="UTF-8"?>
<!-- Generated by org.testng.reporters.JUnitXMLReporter -->
<testsuite ignored="0" hostname="Ashok_Maddineni" failures="1" tests="4" name="Default test" time="24.105" errors="0" timestamp="2024-10-05T12:27:01 EDT">
  <testcase classname="io.cucumber.testng.AbstractTestNGCucumberTests" name="runScenario" time="18.891"/>
  <testcase classname="io.cucumber.testng.AbstractTestNGCucumberTests" name="runScenario" time="19.104"/>
  <testcase classname="io.cucumber.testng.AbstractTestNGCucumberTests" name="runScenario" time="23.547">
    <failure type="java.lang.AssertionError" message="Fewer than 5 durations are available expected [true] but found [false]">
      <![CDATA[java.lang.AssertionError: Fewer than 5 durations are available expected [true] but found [false]
at org.testng.Assert.fail(Assert.java:111)
at org.testng.Assert.failNotEquals(Assert.java:1578)
at org.testng.Assert.assertTrue(Assert.java:57)
at stepdefinations.cheapguruFlightSearchstep.return_the_top_five_with_the_longest_duration_for_the_route(cheapguruFlightSearchstep.java:180)
at ✽.return the top five flights with the longest duration for the route "New York" to "Tampa"(file:///C:/Users/ashok/eclipse-workspace/CheapFareGuruFlights/src/test/resources/Feature/cheapguru.feature:29)
]]>
    </failure>
  </testcase> <!-- runScenario -->
  <testcase classname="io.cucumber.testng.AbstractTestNGCucumberTests" name="runScenario" time="23.653"/>
</testsuite> <!-- Default test -->
