<?xml version="1.0" encoding="UTF-8"?>
<testng-results ignored="0" total="4" passed="3" failed="1" skipped="0">
  <reporter-output>
  </reporter-output>
  <suite started-at="2024-10-05T12:26:37 EDT" name="Default suite" finished-at="2024-10-05T12:27:01 EDT" duration-ms="24105">
    <groups>
      <group name="cucumber">
        <method signature="AbstractTestNGCucumberTests.runScenario(io.cucumber.testng.PickleWrapper,io.cucumber.testng.FeatureWrapper)[pri:0, instance:testrunner.TestRunner@23202fce]" name="runScenario" class="io.cucumber.testng.AbstractTestNGCucumberTests"/>
      </group> <!-- cucumber -->
    </groups>
    <test started-at="2024-10-05T12:26:37 EDT" name="Default test" finished-at="2024-10-05T12:27:01 EDT" duration-ms="24105">
      <class name="testrunner.TestRunner">
        <test-method is-config="true" signature="setUpClass(org.testng.ITestContext)[pri:0, instance:testrunner.TestRunner@23202fce]" started-at="2024-10-05T12:26:37 EDT" name="setUpClass" finished-at="2024-10-05T12:26:37 EDT" duration-ms="396" status="PASS">
          <params>
            <param index="0">
              <value>
                <![CDATA[org.testng.TestRunner@6f95cd51]]>
              </value>
            </param>
          </params>
          <reporter-output>
          </reporter-output>
        </test-method> <!-- setUpClass -->
        <test-method signature="runScenario(io.cucumber.testng.PickleWrapper,io.cucumber.testng.FeatureWrapper)[pri:0, instance:testrunner.TestRunner@23202fce]" started-at="2024-10-05T12:26:37 EDT" name="runScenario" description="Runs Cucumber Scenarios" data-provider="scenarios" finished-at="2024-10-05T12:27:01 EDT" duration-ms="23653" status="PASS">
          <params>
            <param index="0">
              <value>
                <![CDATA["Find top five flights with the longest duration"]]>
              </value>
            </param>
            <param index="1">
              <value>
                <![CDATA["cheapguru Flight Search"]]>
              </value>
            </param>
          </params>
          <reporter-output>
          </reporter-output>
        </test-method> <!-- runScenario -->
        <test-method signature="runScenario(io.cucumber.testng.PickleWrapper,io.cucumber.testng.FeatureWrapper)[pri:0, instance:testrunner.TestRunner@23202fce]" started-at="2024-10-05T12:26:37 EDT" name="runScenario" description="Runs Cucumber Scenarios" data-provider="scenarios" finished-at="2024-10-05T12:26:56 EDT" duration-ms="18891" status="PASS">
          <params>
            <param index="0">
              <value>
                <![CDATA["Find top five flights with lowest price"]]>
              </value>
            </param>
            <param index="1">
              <value>
                <![CDATA["cheapguru Flight Search"]]>
              </value>
            </param>
          </params>
          <reporter-output>
          </reporter-output>
        </test-method> <!-- runScenario -->
        <test-method signature="runScenario(io.cucumber.testng.PickleWrapper,io.cucumber.testng.FeatureWrapper)[pri:0, instance:testrunner.TestRunner@23202fce]" started-at="2024-10-05T12:26:37 EDT" name="runScenario" description="Runs Cucumber Scenarios" data-provider="scenarios" finished-at="2024-10-05T12:26:57 EDT" duration-ms="19104" status="PASS">
          <params>
            <param index="0">
              <value>
                <![CDATA["Find top five flights with lowest price"]]>
              </value>
            </param>
            <param index="1">
              <value>
                <![CDATA["cheapguru Flight Search"]]>
              </value>
            </param>
          </params>
          <reporter-output>
          </reporter-output>
        </test-method> <!-- runScenario -->
        <test-method signature="runScenario(io.cucumber.testng.PickleWrapper,io.cucumber.testng.FeatureWrapper)[pri:0, instance:testrunner.TestRunner@23202fce]" started-at="2024-10-05T12:26:37 EDT" name="runScenario" description="Runs Cucumber Scenarios" data-provider="scenarios" finished-at="2024-10-05T12:27:01 EDT" duration-ms="23547" status="FAIL">
          <params>
            <param index="0">
              <value>
                <![CDATA["Find top five flights with the longest duration"]]>
              </value>
            </param>
            <param index="1">
              <value>
                <![CDATA["cheapguru Flight Search"]]>
              </value>
            </param>
          </params>
          <exception class="java.lang.AssertionError">
            <message>
              <![CDATA[Fewer than 5 durations are available expected [true] but found [false]]]>
            </message>
            <full-stacktrace>
              <![CDATA[java.lang.AssertionError: Fewer than 5 durations are available expected [true] but found [false]
at org.testng.Assert.fail(Assert.java:111)
at org.testng.Assert.failNotEquals(Assert.java:1578)
at org.testng.Assert.assertTrue(Assert.java:57)
at stepdefinations.cheapguruFlightSearchstep.return_the_top_five_with_the_longest_duration_for_the_route(cheapguruFlightSearchstep.java:180)
at ✽.return the top five flights with the longest duration for the route "New York" to "Tampa"(file:///C:/Users/ashok/eclipse-workspace/CheapFareGuruFlights/src/test/resources/Feature/cheapguru.feature:29)
]]>
            </full-stacktrace>
          </exception> <!-- java.lang.AssertionError -->
          <reporter-output>
          </reporter-output>
        </test-method> <!-- runScenario -->
        <test-method is-config="true" signature="tearDownClass()[pri:0, instance:testrunner.TestRunner@23202fce]" started-at="2024-10-05T12:27:01 EDT" name="tearDownClass" finished-at="2024-10-05T12:27:01 EDT" duration-ms="23" status="PASS">
          <reporter-output>
          </reporter-output>
        </test-method> <!-- tearDownClass -->
      </class> <!-- testrunner.TestRunner -->
    </test> <!-- Default test -->
  </suite> <!-- Default suite -->
</testng-results>
